<?xml version="1.0" encoding="UTF-8"?>
<!-- Generated by org.testng.reporters.JUnitXMLReporter -->
<testsuite ignored="2" hostname="ACSS-LTP151" failures="0" tests="3" name="Test" time="16.85" errors="0" timestamp="2024-12-06T10:31:40 PST">
  <testcase classname="test_case.ChangePassword" name="changePass" time="1.643"/>
  <testcase classname="test_case.ChangePassword" name="Logout" time="1.177"/>
  <testcase classname="test_case.ChangePassword" name="reloginUser" time="6.065"/>
  <testcase classname="base.BaseFiles" name="@AfterTest closeBrowser" time="0.0">
    <ignored/>
  </testcase> <!-- @AfterTest closeBrowser -->
  <testcase classname="base.BaseFiles" name="@BeforeTest startBrowser" time="0.0">
    <ignored/>
  </testcase> <!-- @BeforeTest startBrowser -->
</testsuite> <!-- Test -->
