<?xml version="1.0" encoding="UTF-8"?>
<!-- Generated by org.testng.reporters.JUnitXMLReporter -->
<testsuite ignored="2" hostname="ACSS-LTP151" failures="0" tests="3" name="Test" time="36.711" errors="0" timestamp="2024-12-03T09:21:22 PST">
  <testcase classname="test_case.TC001" name="AddUser" time="18.891"/>
  <testcase classname="test_case.TC001" name="Logout" time="0.757"/>
  <testcase classname="test_case.TC001" name="reloginUser" time="8.082"/>
  <testcase classname="base.BaseFiles" name="@AfterTest closeBrowser" time="0.0">
    <ignored/>
  </testcase> <!-- @AfterTest closeBrowser -->
  <testcase classname="base.BaseFiles" name="@BeforeTest startBrowser" time="0.0">
    <ignored/>
  </testcase> <!-- @BeforeTest startBrowser -->
</testsuite> <!-- Test -->
